<?xml version="1.0" encoding="UTF-8"?>
<!-- Generated by org.testng.reporters.JUnitReportReporter -->
<testsuite skipped="0" hostname="MacBook-Pro-4.local" name="test.java.TestCases.StartGame" tests="1" failures="0" timestamp="21 Mar 2021 01:04:19 GMT" time="28.130" errors="0">
  <testcase name="login" time="28.130" classname="test.java.TestCases.StartGame"/>
</testsuite> <!-- test.java.TestCases.StartGame -->
