<?xml version="1.0" encoding="UTF-8"?>
<!-- Generated by org.testng.reporters.JUnitReportReporter -->
<testsuite skipped="0" hostname="MacBook-Pro-4.local" name="test.java.TestCases.Login" tests="1" failures="0" timestamp="17 Mar 2021 03:53:51 GMT" time="17.870" errors="0">
  <testcase name="login" time="17.870" classname="test.java.TestCases.Login"/>
</testsuite> <!-- test.java.TestCases.Login -->
